0 info it worked if it ends with ok
1 verbose cli [ 'c:\\Program Files\\nodejs\\node.exe',
1 verbose cli   'c:\\Program Files\\nodejs\\node_modules\\npm\\bin\\npm-cli.js',
1 verbose cli   'run',
1 verbose cli   'app' ]
2 info using npm@2.14.7
3 info using node@v4.2.3
4 verbose run-script [ 'preapp', 'app', 'postapp' ]
5 info preapp bhima@0.2.0
6 info app bhima@0.2.0
7 verbose unsafe-perm in lifecycle true
8 info bhima@0.2.0 Failed to exec app script
9 verbose stack Error: bhima@0.2.0 app: `gulp build && cd bin && node server/app.js`
9 verbose stack Exit status 1
9 verbose stack     at EventEmitter.<anonymous> (c:\Program Files\nodejs\node_modules\npm\lib\utils\lifecycle.js:214:16)
9 verbose stack     at emitTwo (events.js:87:13)
9 verbose stack     at EventEmitter.emit (events.js:172:7)
9 verbose stack     at ChildProcess.<anonymous> (c:\Program Files\nodejs\node_modules\npm\lib\utils\spawn.js:24:14)
9 verbose stack     at emitTwo (events.js:87:13)
9 verbose stack     at ChildProcess.emit (events.js:172:7)
9 verbose stack     at maybeClose (internal/child_process.js:818:16)
9 verbose stack     at Process.ChildProcess._handle.onexit (internal/child_process.js:211:5)
10 verbose pkgid bhima@0.2.0
11 verbose cwd c:\Users\Bhima\NewApplication\2X\bhima-2.X
12 error Windows_NT 6.1.7600
13 error argv "c:\\Program Files\\nodejs\\node.exe" "c:\\Program Files\\nodejs\\node_modules\\npm\\bin\\npm-cli.js" "run" "app"
14 error node v4.2.3
15 error npm  v2.14.7
16 error code ELIFECYCLE
17 error bhima@0.2.0 app: `gulp build && cd bin && node server/app.js`
17 error Exit status 1
18 error Failed at the bhima@0.2.0 app script 'gulp build && cd bin && node server/app.js'.
18 error This is most likely a problem with the bhima package,
18 error not with npm itself.
18 error Tell the author that this fails on your system:
18 error     gulp build && cd bin && node server/app.js
18 error You can get their info via:
18 error     npm owner ls bhima
18 error There is likely additional logging output above.
19 verbose exit [ 1, true ]
